nvbuf_utils: Could not get EGL display connection
GST_ARGUS: Creating output stream
CONSUMER: Waiting until producer is connected...
GST_ARGUS: Available Sensor modes :
GST_ARGUS: 3264 x 2464 FR = 21.000000 fps Duration = 47619048 ; Analog Gain range min 1.000000, max 10.625000; Exposure Range min 13000, max 683709000;

GST_ARGUS: 3264 x 1848 FR = 28.000001 fps Duration = 35714284 ; Analog Gain range min 1.000000, max 10.625000; Exposure Range min 13000, max 683709000;

GST_ARGUS: 1920 x 1080 FR = 29.999999 fps Duration = 33333334 ; Analog Gain range min 1.000000, max 10.625000; Exposure Range min 13000, max 683709000;

GST_ARGUS: 1280 x 720 FR = 59.999999 fps Duration = 16666667 ; Analog Gain range min 1.000000, max 10.625000; Exposure Range min 13000, max 683709000;

GST_ARGUS: 1280 x 720 FR = 120.000005 fps Duration = 8333333 ; Analog Gain range min 1.000000, max 10.625000; Exposure Range min 13000, max 683709000;

GST_ARGUS: Running with following settings:
   Camera index = 0 
   Camera mode  = 4 
   Output Stream W = 1280 H = 720 
   seconds to Run    = 0 
   Frame Rate = 120.000005 
GST_ARGUS: Setup Complete, Starting captures for 0 seconds
GST_ARGUS: Starting repeat capture requests.
CONSUMER: Producer has connected; continuing.
[ WARN:0] global /home/nvidia/host/build_opencv/nv_opencv/modules/videoio/src/cap_gstreamer.cpp (933) open OpenCV | GStreamer warning: Cannot query video position: status=0, value=-1, duration=-1
Heterogeneous Image Binarization: Task partitioning with Tiling
Capturing frame
FPGA device successfully opened: file handle #36!
GST_ARGUS: Cleaning up
CONSUMER: Done Success
GST_ARGUS: Done Success
Traceback (most recent call last):
  File "../CPU-FPGA-GPU_PowerMonitor.py", line 42, in <module>
    plt.subplots_adjust(top=10, bottom=12.5)
  File "/home/chimera/.local/lib/python3.6/site-packages/matplotlib/pyplot.py", line 2396, in subplots_adjust
    hspace=hspace)
  File "/home/chimera/.local/lib/python3.6/site-packages/matplotlib/figure.py", line 2385, in subplots_adjust
    self.subplotpars.update(left, bottom, right, top, wspace, hspace)
  File "/home/chimera/.local/lib/python3.6/site-packages/matplotlib/figure.py", line 205, in update
    raise ValueError('bottom cannot be >= top')
ValueError: bottom cannot be >= top
Traceback (most recent call last):
  File "../CPU-FPGA-GPU_PowerMonitor.py", line 42, in <module>
    plt.subplots_adjust(top=10, bottom=12.5)
  File "/home/chimera/.local/lib/python3.6/site-packages/matplotlib/pyplot.py", line 2396, in subplots_adjust
    hspace=hspace)
  File "/home/chimera/.local/lib/python3.6/site-packages/matplotlib/figure.py", line 2385, in subplots_adjust
    self.subplotpars.update(left, bottom, right, top, wspace, hspace)
  File "/home/chimera/.local/lib/python3.6/site-packages/matplotlib/figure.py", line 205, in update
    raise ValueError('bottom cannot be >= top')
ValueError: bottom cannot be >= top
Traceback (most recent call last):
  File "../CPU-FPGA-GPU_PowerMonitor.py", line 42, in <module>
    plt.subplots_adjust(top=10, bottom=12.5)
  File "/home/chimera/.local/lib/python3.6/site-packages/matplotlib/pyplot.py", line 2396, in subplots_adjust
    hspace=hspace)
  File "/home/chimera/.local/lib/python3.6/site-packages/matplotlib/figure.py", line 2385, in subplots_adjust
    self.subplotpars.update(left, bottom, right, top, wspace, hspace)
  File "/home/chimera/.local/lib/python3.6/site-packages/matplotlib/figure.py", line 205, in update
    raise ValueError('bottom cannot be >= top')
ValueError: bottom cannot be >= top
QStandardPaths: XDG_RUNTIME_DIR not set, defaulting to '/tmp/runtime-root'
QStandardPaths: XDG_RUNTIME_DIR not set, defaulting to '/tmp/runtime-root'
